Pcbnew window found!
Running Bloomer KiCad plugin version 0.0.8
Running wxPython version 4.0.7 gtk3 (phoenix) wxWidgets 3.0.4
Logging to directory /home/pewing/src/github/cozykeys/bloomer/temp/bloomer.log
Loading switch data
Setting position of key K00
Setting position of diode D00
Setting position of key K01
Setting position of diode D01
Setting position of key K02
Setting position of diode D02
Setting position of key K03
Setting position of diode D03
Setting position of key K04
Setting position of diode D04
Setting position of key K05
Setting position of diode D05
Setting position of key K06
Setting position of diode D06
Setting position of key K07
Setting position of diode D07
Setting position of key K08
Setting position of diode D08
Setting position of key K09
Setting position of diode D09
Setting position of key K10
Setting position of diode D10
Setting position of key K11
Setting position of diode D11
Setting position of key K12
Setting position of diode D12
Setting position of key K13
Setting position of diode D13
Setting position of key K14
Setting position of diode D14
Setting position of key K15
Setting position of diode D15
Setting position of key K16
Setting position of diode D16
Setting position of key K17
Setting position of diode D17
Setting position of key K18
Setting position of diode D18
Setting position of key K19
Setting position of diode D19
Setting position of key K20
Setting position of diode D20
Setting position of key K21
Setting position of diode D21
Setting position of key K22
Setting position of diode D22
Setting position of key K23
Setting position of diode D23
Setting position of key K24
Setting position of diode D24
Setting position of key K25
Setting position of diode D25
Setting position of key K26
Setting position of diode D26
Setting position of key K27
Setting position of diode D27
Setting position of key K28
Setting position of diode D28
Setting position of key K29
Setting position of diode D29
Setting position of key K30
Setting position of diode D30
Setting position of key K31
Setting position of diode D31
Setting position of key K32
Setting position of diode D32
Setting position of key K33
Setting position of diode D33
Setting position of key K34
Setting position of diode D34
Setting position of key K35
Setting position of diode D35
Setting position of key K36
Setting position of diode D36
Setting position of key K37
Setting position of diode D37
Setting position of key K38
Setting position of diode D38
Setting position of key K39
Setting position of diode D39
Setting position of key K40
Setting position of diode D40
Setting position of key K41
Setting position of diode D41
Setting position of key K42
Setting position of diode D42
Setting position of key K43
Setting position of diode D43
Setting position of key K44
Setting position of diode D44
Setting position of key K45
Setting position of diode D45
Setting position of key K46
Setting position of diode D46
Setting position of key K47
Setting position of diode D47
Setting position of key K48
Setting position of diode D48
Setting position of key K49
Setting position of diode D49
Setting position of key K50
Setting position of diode D50
Setting position of key K51
Setting position of diode D51
Setting position of key K52
Setting position of diode D52
Setting position of key K53
Setting position of diode D53
Setting position of key K54
Setting position of diode D54
Setting position of key K55
Setting position of diode D55
Setting position of key K56
Setting position of diode D56
Setting position of key K57
Setting position of diode D57
Setting position of key K58
Setting position of diode D58
Setting position of key K59
Setting position of diode D59
Setting position of key K60
Setting position of diode D60
Setting position of key K61
Setting position of diode D61
Setting position of key K62
Setting position of diode D62
Setting position of key K63
Setting position of diode D63
Setting position of key K64
Setting position of diode D64
Setting position of key K65
Setting position of diode D65
Setting position of key K66
Setting position of diode D66
Setting position of key K67
Setting position of diode D67
Setting position of key K68
Setting position of diode D68
Setting position of key K69
Setting position of diode D69
Setting position of key K70
Setting position of diode D70
Setting position of key K71
Setting position of diode D71
Setting position of key K72
Setting position of diode D72
Setting position of key K73
Setting position of diode D73
Setting position of key K74
Setting position of diode D74
Setting position of key K75
Setting position of diode D75
Setting position of key K76
Setting position of diode D76
Setting position of key K77
Setting position of diode D77
Setting position of key K78
Setting position of diode D78
Setting position of key K79
Setting position of diode D79
Setting position of key K80
Setting position of diode D80
Setting position of key K81
Setting position of diode D81
Setting position of key K82
Setting position of diode D82
Setting position of key K83
Setting position of diode D83
Setting position of key K84
Setting position of diode D84
Setting position of key K85
Setting position of diode D85
Setting position of key K86
Setting position of diode D86
Found a drawing on Edge.Cuts layer
Found a drawing on Edge.Cuts layer
Found a drawing on Edge.Cuts layer
Found a drawing on Edge.Cuts layer
Found a drawing on Edge.Cuts layer
Found a drawing on Edge.Cuts layer
Found a drawing on Edge.Cuts layer
Found a drawing on Edge.Cuts layer
Found a drawing on Edge.Cuts layer
Found a drawing on Edge.Cuts layer
Found a drawing on Edge.Cuts layer
Found a drawing on Edge.Cuts layer
Found a drawing on Edge.Cuts layer
Found a drawing on Edge.Cuts layer
Found a drawing on Edge.Cuts layer
Found a drawing on Edge.Cuts layer
